{"/Users/sgorbachov/src/enzyme-to-rtl-codemod/src/utils/config.ts": {"path":"/Users/sgorbachov/src/enzyme-to-rtl-codemod/src/utils/config.ts","statementMap":{"0":{"start":{"line":1,"column":0},"end":{"line":1,"column":24}},"1":{"start":{"line":2,"column":0},"end":{"line":2,"column":20}},"2":{"start":{"line":5,"column":0},"end":{"line":5,"column":65}},"3":{"start":{"line":24,"column":23},"end":{"line":36,"column":2}},"4":{"start":{"line":43,"column":33},"end":{"line":45,"column":1}},"5":{"start":{"line":44,"column":4},"end":{"line":44,"column":31}},"6":{"start":{"line":43,"column":13},"end":{"line":43,"column":33}},"7":{"start":{"line":51,"column":33},"end":{"line":53,"column":1}},"8":{"start":{"line":52,"column":4},"end":{"line":52,"column":46}},"9":{"start":{"line":51,"column":13},"end":{"line":51,"column":33}},"10":{"start":{"line":59,"column":33},"end":{"line":59,"column":68}},"11":{"start":{"line":59,"column":47},"end":{"line":59,"column":68}},"12":{"start":{"line":59,"column":13},"end":{"line":59,"column":33}},"13":{"start":{"line":65,"column":36},"end":{"line":67,"column":1}},"14":{"start":{"line":66,"column":4},"end":{"line":66,"column":66}},"15":{"start":{"line":65,"column":13},"end":{"line":65,"column":36}},"16":{"start":{"line":73,"column":34},"end":{"line":146,"column":1}},"17":{"start":{"line":74,"column":4},"end":{"line":90,"column":5}},"18":{"start":{"line":76,"column":8},"end":{"line":78,"column":9}},"19":{"start":{"line":77,"column":12},"end":{"line":77,"column":67}},"20":{"start":{"line":81,"column":37},"end":{"line":81,"column":79}},"21":{"start":{"line":82,"column":28},"end":{"line":82,"column":62}},"22":{"start":{"line":83,"column":8},"end":{"line":88,"column":9}},"23":{"start":{"line":85,"column":12},"end":{"line":87,"column":14}},"24":{"start":{"line":93,"column":4},"end":{"line":107,"column":5}},"25":{"start":{"line":94,"column":8},"end":{"line":96,"column":10}},"26":{"start":{"line":100,"column":8},"end":{"line":106,"column":9}},"27":{"start":{"line":101,"column":12},"end":{"line":101,"column":36}},"28":{"start":{"line":103,"column":12},"end":{"line":105,"column":14}},"29":{"start":{"line":110,"column":4},"end":{"line":120,"column":5}},"30":{"start":{"line":111,"column":8},"end":{"line":113,"column":10}},"31":{"start":{"line":115,"column":8},"end":{"line":119,"column":9}},"32":{"start":{"line":116,"column":12},"end":{"line":118,"column":14}},"33":{"start":{"line":123,"column":4},"end":{"line":129,"column":5}},"34":{"start":{"line":124,"column":8},"end":{"line":124,"column":39}},"35":{"start":{"line":126,"column":8},"end":{"line":128,"column":10}},"36":{"start":{"line":132,"column":4},"end":{"line":138,"column":5}},"37":{"start":{"line":133,"column":8},"end":{"line":133,"column":34}},"38":{"start":{"line":135,"column":8},"end":{"line":137,"column":10}},"39":{"start":{"line":140,"column":4},"end":{"line":140,"column":60}},"40":{"start":{"line":141,"column":4},"end":{"line":141,"column":60}},"41":{"start":{"line":142,"column":4},"end":{"line":142,"column":66}},"42":{"start":{"line":143,"column":4},"end":{"line":143,"column":58}},"43":{"start":{"line":144,"column":4},"end":{"line":144,"column":75}},"44":{"start":{"line":145,"column":4},"end":{"line":145,"column":22}},"45":{"start":{"line":73,"column":13},"end":{"line":73,"column":34}},"46":{"start":{"line":153,"column":33},"end":{"line":155,"column":32}},"47":{"start":{"line":155,"column":16},"end":{"line":155,"column":32}},"48":{"start":{"line":153,"column":13},"end":{"line":153,"column":33}},"49":{"start":{"line":157,"column":32},"end":{"line":167,"column":1}},"50":{"start":{"line":158,"column":41},"end":{"line":158,"column":69}},"51":{"start":{"line":159,"column":4},"end":{"line":159,"column":37}},"52":{"start":{"line":160,"column":4},"end":{"line":160,"column":45}},"53":{"start":{"line":161,"column":4},"end":{"line":161,"column":132}},"54":{"start":{"line":162,"column":4},"end":{"line":162,"column":105}},"55":{"start":{"line":163,"column":4},"end":{"line":163,"column":143}},"56":{"start":{"line":164,"column":4},"end":{"line":164,"column":118}},"57":{"start":{"line":165,"column":4},"end":{"line":165,"column":100}},"58":{"start":{"line":166,"column":4},"end":{"line":166,"column":159}},"59":{"start":{"line":157,"column":13},"end":{"line":157,"column":32}},"60":{"start":{"line":174,"column":27},"end":{"line":196,"column":1}},"61":{"start":{"line":178,"column":34},"end":{"line":178,"column":59}},"62":{"start":{"line":180,"column":4},"end":{"line":182,"column":5}},"63":{"start":{"line":181,"column":8},"end":{"line":181,"column":45}},"64":{"start":{"line":185,"column":26},"end":{"line":186,"column":null}},"65":{"start":{"line":190,"column":22},"end":{"line":192,"column":null}},"66":{"start":{"line":195,"column":4},"end":{"line":195,"column":40}}},"fnMap":{"0":{"name":"(anonymous_1)","decl":{"start":{"line":43,"column":33},"end":{"line":43,"column":34}},"loc":{"start":{"line":43,"column":62},"end":{"line":45,"column":1}}},"1":{"name":"(anonymous_2)","decl":{"start":{"line":51,"column":33},"end":{"line":51,"column":34}},"loc":{"start":{"line":51,"column":69},"end":{"line":53,"column":1}}},"2":{"name":"(anonymous_3)","decl":{"start":{"line":59,"column":33},"end":{"line":59,"column":44}},"loc":{"start":{"line":59,"column":47},"end":{"line":59,"column":68}}},"3":{"name":"(anonymous_4)","decl":{"start":{"line":65,"column":36},"end":{"line":65,"column":37}},"loc":{"start":{"line":65,"column":75},"end":{"line":67,"column":1}}},"4":{"name":"(anonymous_5)","decl":{"start":{"line":73,"column":34},"end":{"line":73,"column":35}},"loc":{"start":{"line":73,"column":61},"end":{"line":146,"column":1}}},"5":{"name":"(anonymous_6)","decl":{"start":{"line":153,"column":33},"end":{"line":153,"column":null}},"loc":{"start":{"line":155,"column":16},"end":{"line":155,"column":32}}},"6":{"name":"(anonymous_7)","decl":{"start":{"line":157,"column":32},"end":{"line":157,"column":33}},"loc":{"start":{"line":157,"column":59},"end":{"line":167,"column":1}}},"7":{"name":"(anonymous_8)","decl":{"start":{"line":174,"column":27},"end":{"line":174,"column":null}},"loc":{"start":{"line":176,"column":50},"end":{"line":196,"column":1}}}},"branchMap":{"0":{"loc":{"start":{"line":74,"column":4},"end":{"line":90,"column":5}},"type":"if","locations":[{"start":{"line":74,"column":4},"end":{"line":90,"column":5}}]},"1":{"loc":{"start":{"line":76,"column":8},"end":{"line":78,"column":9}},"type":"if","locations":[{"start":{"line":76,"column":8},"end":{"line":78,"column":9}}]},"2":{"loc":{"start":{"line":83,"column":8},"end":{"line":88,"column":9}},"type":"if","locations":[{"start":{"line":83,"column":8},"end":{"line":88,"column":9}}]},"3":{"loc":{"start":{"line":93,"column":4},"end":{"line":107,"column":5}},"type":"if","locations":[{"start":{"line":93,"column":4},"end":{"line":107,"column":5}},{"start":{"line":97,"column":11},"end":{"line":107,"column":5}}]},"4":{"loc":{"start":{"line":110,"column":4},"end":{"line":120,"column":5}},"type":"if","locations":[{"start":{"line":110,"column":4},"end":{"line":120,"column":5}},{"start":{"line":114,"column":11},"end":{"line":120,"column":5}}]},"5":{"loc":{"start":{"line":115,"column":8},"end":{"line":119,"column":9}},"type":"if","locations":[{"start":{"line":115,"column":8},"end":{"line":119,"column":9}}]},"6":{"loc":{"start":{"line":180,"column":4},"end":{"line":182,"column":5}},"type":"if","locations":[{"start":{"line":180,"column":4},"end":{"line":182,"column":5}}]}},"s":{"0":8,"1":8,"2":8,"3":8,"4":8,"5":0,"6":8,"7":8,"8":0,"9":8,"10":8,"11":0,"12":8,"13":8,"14":0,"15":8,"16":8,"17":0,"18":0,"19":0,"20":0,"21":0,"22":0,"23":0,"24":0,"25":0,"26":0,"27":0,"28":0,"29":0,"30":0,"31":0,"32":0,"33":0,"34":0,"35":0,"36":0,"37":0,"38":0,"39":0,"40":0,"41":0,"42":0,"43":0,"44":0,"45":8,"46":8,"47":8,"48":8,"49":8,"50":0,"51":0,"52":0,"53":0,"54":0,"55":0,"56":0,"57":0,"58":0,"59":8,"60":8,"61":0,"62":0,"63":0,"64":0,"65":0,"66":0},"f":{"0":0,"1":0,"2":0,"3":0,"4":0,"5":8,"6":0,"7":0},"b":{"0":[0],"1":[0],"2":[0],"3":[0,0],"4":[0,0],"5":[0],"6":[0]}}
,"/Users/sgorbachov/src/enzyme-to-rtl-codemod/src/utils/ast-transformations/main-ast-transform.ts": {"path":"/Users/sgorbachov/src/enzyme-to-rtl-codemod/src/utils/ast-transformations/main-ast-transform.ts","statementMap":{"0":{"start":{"line":1,"column":0},"end":{"line":1,"column":20}},"1":{"start":{"line":2,"column":0},"end":{"line":2,"column":38}},"2":{"start":{"line":3,"column":0},"end":{"line":3,"column":72}},"3":{"start":{"line":4,"column":0},"end":{"line":4,"column":95}},"4":{"start":{"line":5,"column":0},"end":{"line":5,"column":104}},"5":{"start":{"line":6,"column":0},"end":{"line":6,"column":98}},"6":{"start":{"line":7,"column":0},"end":{"line":7,"column":80}},"7":{"start":{"line":8,"column":0},"end":{"line":8,"column":86}},"8":{"start":{"line":9,"column":0},"end":{"line":9,"column":89}},"9":{"start":{"line":10,"column":0},"end":{"line":10,"column":47}},"10":{"start":{"line":17,"column":32},"end":{"line":88,"column":1}},"11":{"start":{"line":19,"column":4},"end":{"line":19,"column":52}},"12":{"start":{"line":20,"column":19},"end":{"line":20,"column":53}},"13":{"start":{"line":23,"column":4},"end":{"line":23,"column":53}},"14":{"start":{"line":24,"column":14},"end":{"line":24,"column":25}},"15":{"start":{"line":25,"column":17},"end":{"line":25,"column":26}},"16":{"start":{"line":28,"column":4},"end":{"line":28,"column":24}},"17":{"start":{"line":38,"column":4},"end":{"line":38,"column":55}},"18":{"start":{"line":39,"column":35},"end":{"line":39,"column":70}},"19":{"start":{"line":45,"column":4},"end":{"line":45,"column":52}},"20":{"start":{"line":46,"column":35},"end":{"line":49,"column":null}},"21":{"start":{"line":53,"column":4},"end":{"line":53,"column":40}},"22":{"start":{"line":54,"column":4},"end":{"line":54,"column":25}},"23":{"start":{"line":57,"column":4},"end":{"line":57,"column":25}},"24":{"start":{"line":60,"column":4},"end":{"line":60,"column":44}},"25":{"start":{"line":61,"column":4},"end":{"line":61,"column":29}},"26":{"start":{"line":64,"column":4},"end":{"line":64,"column":42}},"27":{"start":{"line":65,"column":4},"end":{"line":65,"column":27}},"28":{"start":{"line":68,"column":4},"end":{"line":68,"column":45}},"29":{"start":{"line":69,"column":4},"end":{"line":69,"column":30}},"30":{"start":{"line":84,"column":4},"end":{"line":84,"column":53}},"31":{"start":{"line":85,"column":28},"end":{"line":85,"column":43}},"32":{"start":{"line":87,"column":4},"end":{"line":87,"column":27}},"33":{"start":{"line":17,"column":13},"end":{"line":17,"column":32}}},"fnMap":{"0":{"name":"(anonymous_1)","decl":{"start":{"line":17,"column":32},"end":{"line":17,"column":33}},"loc":{"start":{"line":17,"column":61},"end":{"line":88,"column":1}}}},"branchMap":{},"s":{"0":1,"1":1,"2":1,"3":1,"4":1,"5":1,"6":1,"7":1,"8":1,"9":1,"10":1,"11":3,"12":3,"13":3,"14":3,"15":3,"16":3,"17":3,"18":3,"19":3,"20":3,"21":3,"22":3,"23":3,"24":3,"25":3,"26":3,"27":3,"28":3,"29":3,"30":3,"31":3,"32":3,"33":1},"f":{"0":3},"b":{}}
,"/Users/sgorbachov/src/enzyme-to-rtl-codemod/src/utils/ast-transformations/individual-transformations/convert-enzyme-text-method.ts": {"path":"/Users/sgorbachov/src/enzyme-to-rtl-codemod/src/utils/ast-transformations/individual-transformations/convert-enzyme-text-method.ts","statementMap":{"0":{"start":{"line":7,"column":0},"end":{"line":7,"column":48}},"1":{"start":{"line":15,"column":29},"end":{"line":39,"column":1}},"2":{"start":{"line":19,"column":4},"end":{"line":19,"column":64}},"3":{"start":{"line":20,"column":4},"end":{"line":38,"column":7}},"4":{"start":{"line":47,"column":27},"end":{"line":91,"column":1}},"5":{"start":{"line":48,"column":32},"end":{"line":48,"column":61}},"6":{"start":{"line":50,"column":4},"end":{"line":90,"column":7}},"7":{"start":{"line":52,"column":8},"end":{"line":89,"column":9}},"8":{"start":{"line":53,"column":33},"end":{"line":53,"column":44}},"9":{"start":{"line":56,"column":12},"end":{"line":86,"column":13}},"10":{"start":{"line":57,"column":45},"end":{"line":57,"column":64}},"11":{"start":{"line":60,"column":16},"end":{"line":85,"column":17}},"12":{"start":{"line":62,"column":24},"end":{"line":62,"column":57}},"13":{"start":{"line":65,"column":20},"end":{"line":84,"column":21}},"14":{"start":{"line":69,"column":28},"end":{"line":69,"column":57}},"15":{"start":{"line":70,"column":49},"end":{"line":70,"column":77}},"16":{"start":{"line":72,"column":24},"end":{"line":74,"column":26}},"17":{"start":{"line":75,"column":24},"end":{"line":83,"column":26}},"18":{"start":{"line":88,"column":12},"end":{"line":88,"column":54}},"19":{"start":{"line":47,"column":13},"end":{"line":47,"column":27}}},"fnMap":{"0":{"name":"(anonymous_0)","decl":{"start":{"line":15,"column":29},"end":{"line":15,"column":null}},"loc":{"start":{"line":18,"column":32},"end":{"line":39,"column":1}}},"1":{"name":"(anonymous_1)","decl":{"start":{"line":47,"column":27},"end":{"line":47,"column":28}},"loc":{"start":{"line":47,"column":70},"end":{"line":91,"column":1}}},"2":{"name":"(anonymous_2)","decl":{"start":{"line":50,"column":36},"end":{"line":50,"column":37}},"loc":{"start":{"line":50,"column":75},"end":{"line":90,"column":5}}}},"branchMap":{"0":{"loc":{"start":{"line":52,"column":8},"end":{"line":89,"column":9}},"type":"if","locations":[{"start":{"line":52,"column":8},"end":{"line":89,"column":9}},{"start":{"line":87,"column":15},"end":{"line":89,"column":9}}]},"1":{"loc":{"start":{"line":56,"column":12},"end":{"line":86,"column":13}},"type":"if","locations":[{"start":{"line":56,"column":12},"end":{"line":86,"column":13}}]},"2":{"loc":{"start":{"line":60,"column":16},"end":{"line":85,"column":17}},"type":"if","locations":[{"start":{"line":60,"column":16},"end":{"line":85,"column":17}}]},"3":{"loc":{"start":{"line":65,"column":20},"end":{"line":84,"column":21}},"type":"if","locations":[{"start":{"line":65,"column":20},"end":{"line":84,"column":21}}]}},"s":{"0":2,"1":2,"2":4,"3":4,"4":2,"5":4,"6":4,"7":1,"8":1,"9":1,"10":1,"11":1,"12":1,"13":1,"14":1,"15":1,"16":1,"17":1,"18":0,"19":2},"f":{"0":4,"1":4,"2":1},"b":{"0":[1,0],"1":[1],"2":[1],"3":[1]}}
,"/Users/sgorbachov/src/enzyme-to-rtl-codemod/src/utils/ast-transformations/individual-transformations/convert-find.ts": {"path":"/Users/sgorbachov/src/enzyme-to-rtl-codemod/src/utils/ast-transformations/individual-transformations/convert-find.ts","statementMap":{"0":{"start":{"line":9,"column":0},"end":{"line":9,"column":50}},"1":{"start":{"line":10,"column":0},"end":{"line":10,"column":48}},"2":{"start":{"line":17,"column":27},"end":{"line":36,"column":1}},"3":{"start":{"line":18,"column":4},"end":{"line":18,"column":44}},"4":{"start":{"line":20,"column":22},"end":{"line":26,"column":6}},"5":{"start":{"line":28,"column":4},"end":{"line":28,"column":42}},"6":{"start":{"line":30,"column":4},"end":{"line":35,"column":7}},"7":{"start":{"line":31,"column":8},"end":{"line":34,"column":10}},"8":{"start":{"line":17,"column":13},"end":{"line":17,"column":27}}},"fnMap":{"0":{"name":"(anonymous_0)","decl":{"start":{"line":17,"column":27},"end":{"line":17,"column":28}},"loc":{"start":{"line":17,"column":64},"end":{"line":36,"column":1}}},"1":{"name":"(anonymous_1)","decl":{"start":{"line":30,"column":22},"end":{"line":30,"column":23}},"loc":{"start":{"line":30,"column":56},"end":{"line":35,"column":5}}}},"branchMap":{},"s":{"0":2,"1":2,"2":2,"3":4,"4":4,"5":4,"6":4,"7":7,"8":2},"f":{"0":4,"1":7},"b":{}}
,"/Users/sgorbachov/src/enzyme-to-rtl-codemod/src/utils/ast-transformations/individual-transformations/convert-mount-shallow-methods.ts": {"path":"/Users/sgorbachov/src/enzyme-to-rtl-codemod/src/utils/ast-transformations/individual-transformations/convert-mount-shallow-methods.ts","statementMap":{"0":{"start":{"line":13,"column":0},"end":{"line":13,"column":48}},"1":{"start":{"line":20,"column":42},"end":{"line":146,"column":1}},"2":{"start":{"line":25,"column":4},"end":{"line":25,"column":43}},"3":{"start":{"line":26,"column":24},"end":{"line":31,"column":6}},"4":{"start":{"line":34,"column":4},"end":{"line":34,"column":41}},"5":{"start":{"line":35,"column":22},"end":{"line":40,"column":6}},"6":{"start":{"line":45,"column":4},"end":{"line":45,"column":71}},"7":{"start":{"line":46,"column":4},"end":{"line":55,"column":5}},"8":{"start":{"line":47,"column":8},"end":{"line":47,"column":35}},"9":{"start":{"line":48,"column":11},"end":{"line":55,"column":5}},"10":{"start":{"line":49,"column":8},"end":{"line":49,"column":33}},"11":{"start":{"line":51,"column":8},"end":{"line":53,"column":10}},"12":{"start":{"line":54,"column":8},"end":{"line":54,"column":20}},"13":{"start":{"line":62,"column":4},"end":{"line":105,"column":5}},"14":{"start":{"line":63,"column":8},"end":{"line":63,"column":72}},"15":{"start":{"line":65,"column":29},"end":{"line":65,"column":72}},"16":{"start":{"line":68,"column":8},"end":{"line":68,"column":62}},"17":{"start":{"line":75,"column":11},"end":{"line":105,"column":5}},"18":{"start":{"line":76,"column":8},"end":{"line":76,"column":72}},"19":{"start":{"line":78,"column":35},"end":{"line":78,"column":78}},"20":{"start":{"line":81,"column":8},"end":{"line":85,"column":15}},"21":{"start":{"line":93,"column":11},"end":{"line":105,"column":5}},"22":{"start":{"line":94,"column":8},"end":{"line":94,"column":73}},"23":{"start":{"line":96,"column":31},"end":{"line":96,"column":75}},"24":{"start":{"line":99,"column":20},"end":{"line":99,"column":51}},"25":{"start":{"line":102,"column":8},"end":{"line":104,"column":9}},"26":{"start":{"line":103,"column":12},"end":{"line":103,"column":36}},"27":{"start":{"line":108,"column":25},"end":{"line":108,"column":47}},"28":{"start":{"line":111,"column":4},"end":{"line":117,"column":5}},"29":{"start":{"line":112,"column":8},"end":{"line":112,"column":70}},"30":{"start":{"line":113,"column":8},"end":{"line":113,"column":38}},"31":{"start":{"line":114,"column":8},"end":{"line":114,"column":48}},"32":{"start":{"line":115,"column":8},"end":{"line":115,"column":31}},"33":{"start":{"line":116,"column":8},"end":{"line":116,"column":73}},"34":{"start":{"line":121,"column":4},"end":{"line":121,"column":80}},"35":{"start":{"line":122,"column":4},"end":{"line":124,"column":7}},"36":{"start":{"line":123,"column":8},"end":{"line":123,"column":72}},"37":{"start":{"line":132,"column":48},"end":{"line":136,"column":10}},"38":{"start":{"line":138,"column":8},"end":{"line":143,"column":11}},"39":{"start":{"line":139,"column":12},"end":{"line":142,"column":14}},"40":{"start":{"line":145,"column":4},"end":{"line":145,"column":26}},"41":{"start":{"line":20,"column":13},"end":{"line":20,"column":42}}},"fnMap":{"0":{"name":"(anonymous_0)","decl":{"start":{"line":20,"column":42},"end":{"line":20,"column":null}},"loc":{"start":{"line":23,"column":19},"end":{"line":146,"column":1}}},"1":{"name":"(anonymous_1)","decl":{"start":{"line":122,"column":29},"end":{"line":122,"column":30}},"loc":{"start":{"line":122,"column":68},"end":{"line":124,"column":5}}},"2":{"name":"changeRenderFuncName","decl":{"start":{"line":130,"column":13},"end":{"line":130,"column":33}},"loc":{"start":{"line":130,"column":33},"end":{"line":144,"column":5}}},"3":{"name":"(anonymous_3)","decl":{"start":{"line":138,"column":52},"end":{"line":138,"column":53}},"loc":{"start":{"line":138,"column":65},"end":{"line":143,"column":9}}}},"branchMap":{"0":{"loc":{"start":{"line":46,"column":4},"end":{"line":55,"column":5}},"type":"if","locations":[{"start":{"line":46,"column":4},"end":{"line":55,"column":5}},{"start":{"line":48,"column":11},"end":{"line":55,"column":5}}]},"1":{"loc":{"start":{"line":48,"column":11},"end":{"line":55,"column":5}},"type":"if","locations":[{"start":{"line":48,"column":11},"end":{"line":55,"column":5}},{"start":{"line":50,"column":11},"end":{"line":55,"column":5}}]},"2":{"loc":{"start":{"line":62,"column":4},"end":{"line":105,"column":5}},"type":"if","locations":[{"start":{"line":62,"column":4},"end":{"line":105,"column":5}},{"start":{"line":75,"column":11},"end":{"line":105,"column":5}}]},"3":{"loc":{"start":{"line":75,"column":11},"end":{"line":105,"column":5}},"type":"if","locations":[{"start":{"line":75,"column":11},"end":{"line":105,"column":5}},{"start":{"line":93,"column":11},"end":{"line":105,"column":5}}]},"4":{"loc":{"start":{"line":93,"column":11},"end":{"line":105,"column":5}},"type":"if","locations":[{"start":{"line":93,"column":11},"end":{"line":105,"column":5}}]},"5":{"loc":{"start":{"line":102,"column":8},"end":{"line":104,"column":9}},"type":"if","locations":[{"start":{"line":102,"column":8},"end":{"line":104,"column":9}}]},"6":{"loc":{"start":{"line":111,"column":4},"end":{"line":117,"column":5}},"type":"if","locations":[{"start":{"line":111,"column":4},"end":{"line":117,"column":5}}]}},"s":{"0":2,"1":2,"2":10,"3":10,"4":10,"5":10,"6":10,"7":10,"8":5,"9":5,"10":3,"11":2,"12":2,"13":8,"14":4,"15":4,"16":4,"17":4,"18":3,"19":3,"20":3,"21":1,"22":1,"23":1,"24":1,"25":1,"26":1,"27":8,"28":8,"29":1,"30":1,"31":1,"32":1,"33":1,"34":8,"35":8,"36":8,"37":1,"38":1,"39":1,"40":8,"41":2},"f":{"0":10,"1":8,"2":1,"3":1},"b":{"0":[5,5],"1":[3,2],"2":[4,4],"3":[3,1],"4":[1],"5":[1],"6":[1]}}
,"/Users/sgorbachov/src/enzyme-to-rtl-codemod/src/utils/ast-transformations/individual-transformations/convert-mount-shallow-vars.ts": {"path":"/Users/sgorbachov/src/enzyme-to-rtl-codemod/src/utils/ast-transformations/individual-transformations/convert-mount-shallow-vars.ts","statementMap":{"0":{"start":{"line":9,"column":0},"end":{"line":9,"column":48}},"1":{"start":{"line":18,"column":39},"end":{"line":204,"column":1}},"2":{"start":{"line":23,"column":4},"end":{"line":26,"column":5}},"3":{"start":{"line":24,"column":8},"end":{"line":24,"column":78}},"4":{"start":{"line":25,"column":8},"end":{"line":25,"column":20}},"5":{"start":{"line":28,"column":37},"end":{"line":28,"column":39}},"6":{"start":{"line":35,"column":4},"end":{"line":35,"column":78}},"7":{"start":{"line":36,"column":44},"end":{"line":47,"column":6}},"8":{"start":{"line":55,"column":4},"end":{"line":57,"column":6}},"9":{"start":{"line":58,"column":4},"end":{"line":60,"column":7}},"10":{"start":{"line":59,"column":8},"end":{"line":59,"column":36}},"11":{"start":{"line":68,"column":4},"end":{"line":68,"column":79}},"12":{"start":{"line":69,"column":44},"end":{"line":77,"column":6}},"13":{"start":{"line":83,"column":4},"end":{"line":85,"column":6}},"14":{"start":{"line":86,"column":4},"end":{"line":99,"column":7}},"15":{"start":{"line":87,"column":21},"end":{"line":87,"column":49}},"16":{"start":{"line":88,"column":8},"end":{"line":88,"column":39}},"17":{"start":{"line":92,"column":8},"end":{"line":94,"column":20}},"18":{"start":{"line":97,"column":22},"end":{"line":97,"column":37}},"19":{"start":{"line":98,"column":8},"end":{"line":98,"column":35}},"20":{"start":{"line":105,"column":4},"end":{"line":176,"column":5}},"21":{"start":{"line":109,"column":8},"end":{"line":111,"column":10}},"22":{"start":{"line":117,"column":8},"end":{"line":119,"column":10}},"23":{"start":{"line":120,"column":54},"end":{"line":130,"column":null}},"24":{"start":{"line":134,"column":8},"end":{"line":136,"column":10}},"25":{"start":{"line":137,"column":8},"end":{"line":139,"column":11}},"26":{"start":{"line":138,"column":12},"end":{"line":138,"column":40}},"27":{"start":{"line":145,"column":8},"end":{"line":147,"column":10}},"28":{"start":{"line":148,"column":60},"end":{"line":166,"column":null}},"29":{"start":{"line":170,"column":8},"end":{"line":175,"column":11}},"30":{"start":{"line":171,"column":12},"end":{"line":173,"column":14}},"31":{"start":{"line":174,"column":12},"end":{"line":174,"column":40}},"32":{"start":{"line":184,"column":35},"end":{"line":184,"column":73}},"33":{"start":{"line":185,"column":8},"end":{"line":185,"column":53}},"34":{"start":{"line":188,"column":35},"end":{"line":188,"column":75}},"35":{"start":{"line":191,"column":36},"end":{"line":191,"column":77}},"36":{"start":{"line":194,"column":8},"end":{"line":194,"column":49}},"37":{"start":{"line":198,"column":4},"end":{"line":198,"column":54}},"38":{"start":{"line":199,"column":33},"end":{"line":201,"column":6}},"39":{"start":{"line":200,"column":8},"end":{"line":200,"column":44}},"40":{"start":{"line":203,"column":4},"end":{"line":203,"column":32}},"41":{"start":{"line":18,"column":13},"end":{"line":18,"column":39}}},"fnMap":{"0":{"name":"(anonymous_0)","decl":{"start":{"line":18,"column":39},"end":{"line":18,"column":null}},"loc":{"start":{"line":22,"column":21},"end":{"line":204,"column":1}}},"1":{"name":"(anonymous_1)","decl":{"start":{"line":58,"column":44},"end":{"line":58,"column":45}},"loc":{"start":{"line":58,"column":53},"end":{"line":60,"column":5}}},"2":{"name":"(anonymous_2)","decl":{"start":{"line":86,"column":44},"end":{"line":86,"column":45}},"loc":{"start":{"line":86,"column":53},"end":{"line":99,"column":5}}},"3":{"name":"(anonymous_3)","decl":{"start":{"line":137,"column":54},"end":{"line":137,"column":55}},"loc":{"start":{"line":137,"column":63},"end":{"line":139,"column":9}}},"4":{"name":"(anonymous_4)","decl":{"start":{"line":170,"column":60},"end":{"line":170,"column":61}},"loc":{"start":{"line":170,"column":69},"end":{"line":175,"column":9}}},"5":{"name":"replaceWithExpression","decl":{"start":{"line":182,"column":13},"end":{"line":182,"column":34}},"loc":{"start":{"line":182,"column":48},"end":{"line":195,"column":5}}},"6":{"name":"(anonymous_6)","decl":{"start":{"line":199,"column":55},"end":{"line":199,"column":56}},"loc":{"start":{"line":199,"column":77},"end":{"line":201,"column":5}}}},"branchMap":{"0":{"loc":{"start":{"line":23,"column":4},"end":{"line":26,"column":5}},"type":"if","locations":[{"start":{"line":23,"column":4},"end":{"line":26,"column":5}}]},"1":{"loc":{"start":{"line":105,"column":4},"end":{"line":176,"column":5}},"type":"if","locations":[{"start":{"line":105,"column":4},"end":{"line":176,"column":5}}]},"2":{"loc":{"start":{"line":106,"column":8},"end":{"line":107,"column":52}},"type":"binary-expr","locations":[{"start":{"line":106,"column":8},"end":{"line":106,"column":52}},{"start":{"line":107,"column":8},"end":{"line":107,"column":52}}]}},"s":{"0":2,"1":2,"2":7,"3":1,"4":1,"5":6,"6":6,"7":6,"8":6,"9":6,"10":4,"11":6,"12":6,"13":6,"14":6,"15":2,"16":2,"17":2,"18":2,"19":2,"20":6,"21":1,"22":1,"23":1,"24":1,"25":1,"26":1,"27":1,"28":1,"29":1,"30":0,"31":0,"32":5,"33":5,"34":5,"35":5,"36":5,"37":6,"38":6,"39":7,"40":6,"41":2},"f":{"0":7,"1":4,"2":2,"3":1,"4":0,"5":5,"6":7},"b":{"0":[1],"1":[1],"2":[6,2]}}
,"/Users/sgorbachov/src/enzyme-to-rtl-codemod/src/utils/ast-transformations/individual-transformations/convert-simulate.ts": {"path":"/Users/sgorbachov/src/enzyme-to-rtl-codemod/src/utils/ast-transformations/individual-transformations/convert-simulate.ts","statementMap":{"0":{"start":{"line":13,"column":0},"end":{"line":13,"column":48}},"1":{"start":{"line":14,"column":0},"end":{"line":14,"column":50}},"2":{"start":{"line":23,"column":31},"end":{"line":123,"column":1}},"3":{"start":{"line":25,"column":4},"end":{"line":25,"column":44}},"4":{"start":{"line":26,"column":26},"end":{"line":32,"column":6}},"5":{"start":{"line":35,"column":4},"end":{"line":35,"column":67}},"6":{"start":{"line":36,"column":4},"end":{"line":122,"column":5}},"7":{"start":{"line":37,"column":28},"end":{"line":37,"column":48}},"8":{"start":{"line":40,"column":8},"end":{"line":48,"column":11}},"9":{"start":{"line":41,"column":41},"end":{"line":43,"column":null}},"10":{"start":{"line":45,"column":12},"end":{"line":45,"column":50}},"11":{"start":{"line":46,"column":12},"end":{"line":46,"column":57}},"12":{"start":{"line":47,"column":12},"end":{"line":47,"column":29}},"13":{"start":{"line":50,"column":8},"end":{"line":121,"column":11}},"14":{"start":{"line":51,"column":24},"end":{"line":51,"column":47}},"15":{"start":{"line":52,"column":12},"end":{"line":120,"column":13}},"16":{"start":{"line":53,"column":34},"end":{"line":53,"column":43}},"17":{"start":{"line":56,"column":16},"end":{"line":58,"column":18}},"18":{"start":{"line":59,"column":16},"end":{"line":119,"column":17}},"19":{"start":{"line":60,"column":20},"end":{"line":62,"column":22}},"20":{"start":{"line":63,"column":45},"end":{"line":63,"column":62}},"21":{"start":{"line":66,"column":46},"end":{"line":66,"column":69}},"22":{"start":{"line":69,"column":42},"end":{"line":69,"column":44}},"23":{"start":{"line":71,"column":20},"end":{"line":90,"column":21}},"24":{"start":{"line":73,"column":28},"end":{"line":73,"column":54}},"25":{"start":{"line":74,"column":28},"end":{"line":74,"column":34}},"26":{"start":{"line":76,"column":28},"end":{"line":76,"column":54}},"27":{"start":{"line":77,"column":28},"end":{"line":77,"column":34}},"28":{"start":{"line":79,"column":28},"end":{"line":79,"column":54}},"29":{"start":{"line":80,"column":28},"end":{"line":80,"column":34}},"30":{"start":{"line":82,"column":28},"end":{"line":82,"column":56}},"31":{"start":{"line":83,"column":28},"end":{"line":83,"column":34}},"32":{"start":{"line":85,"column":28},"end":{"line":85,"column":56}},"33":{"start":{"line":86,"column":28},"end":{"line":86,"column":34}},"34":{"start":{"line":89,"column":28},"end":{"line":89,"column":34}},"35":{"start":{"line":93,"column":20},"end":{"line":93,"column":72}},"36":{"start":{"line":94,"column":20},"end":{"line":118,"column":21}},"37":{"start":{"line":95,"column":48},"end":{"line":100,"column":null}},"38":{"start":{"line":104,"column":24},"end":{"line":104,"column":61}},"39":{"start":{"line":105,"column":24},"end":{"line":105,"column":70}},"40":{"start":{"line":110,"column":24},"end":{"line":117,"column":26}},"41":{"start":{"line":112,"column":32},"end":{"line":115,"column":34}},"42":{"start":{"line":23,"column":13},"end":{"line":23,"column":31}}},"fnMap":{"0":{"name":"(anonymous_0)","decl":{"start":{"line":23,"column":31},"end":{"line":23,"column":32}},"loc":{"start":{"line":23,"column":68},"end":{"line":123,"column":1}}},"1":{"name":"(anonymous_1)","decl":{"start":{"line":40,"column":32},"end":{"line":40,"column":33}},"loc":{"start":{"line":40,"column":41},"end":{"line":48,"column":9}}},"2":{"name":"(anonymous_2)","decl":{"start":{"line":50,"column":30},"end":{"line":50,"column":31}},"loc":{"start":{"line":50,"column":39},"end":{"line":121,"column":9}}},"3":{"name":"(anonymous_3)","decl":{"start":{"line":111,"column":28},"end":{"line":111,"column":29}},"loc":{"start":{"line":111,"column":62},"end":{"line":116,"column":29}}}},"branchMap":{"0":{"loc":{"start":{"line":36,"column":4},"end":{"line":122,"column":5}},"type":"if","locations":[{"start":{"line":36,"column":4},"end":{"line":122,"column":5}}]},"1":{"loc":{"start":{"line":52,"column":12},"end":{"line":120,"column":13}},"type":"if","locations":[{"start":{"line":52,"column":12},"end":{"line":120,"column":13}}]},"2":{"loc":{"start":{"line":52,"column":16},"end":{"line":52,"column":43}},"type":"binary-expr","locations":[{"start":{"line":52,"column":16},"end":{"line":52,"column":19}},{"start":{"line":52,"column":23},"end":{"line":52,"column":43}}]},"3":{"loc":{"start":{"line":59,"column":16},"end":{"line":119,"column":17}},"type":"if","locations":[{"start":{"line":59,"column":16},"end":{"line":119,"column":17}}]},"4":{"loc":{"start":{"line":71,"column":20},"end":{"line":90,"column":21}},"type":"switch","locations":[{"start":{"line":72,"column":24},"end":{"line":74,"column":34}},{"start":{"line":75,"column":24},"end":{"line":77,"column":34}},{"start":{"line":78,"column":24},"end":{"line":80,"column":34}},{"start":{"line":81,"column":24},"end":{"line":83,"column":34}},{"start":{"line":84,"column":24},"end":{"line":86,"column":34}},{"start":{"line":88,"column":24},"end":{"line":89,"column":34}}]},"5":{"loc":{"start":{"line":94,"column":20},"end":{"line":118,"column":21}},"type":"if","locations":[{"start":{"line":94,"column":20},"end":{"line":118,"column":21}},{"start":{"line":108,"column":25},"end":{"line":118,"column":21}}]}},"s":{"0":2,"1":2,"2":2,"3":9,"4":9,"5":9,"6":9,"7":9,"8":9,"9":9,"10":9,"11":9,"12":9,"13":9,"14":9,"15":9,"16":9,"17":9,"18":9,"19":9,"20":9,"21":9,"22":9,"23":9,"24":4,"25":4,"26":1,"27":1,"28":1,"29":1,"30":1,"31":1,"32":1,"33":1,"34":1,"35":9,"36":9,"37":8,"38":8,"39":8,"40":1,"41":1,"42":2},"f":{"0":9,"1":9,"2":9,"3":1},"b":{"0":[9],"1":[9],"2":[9,9],"3":[9],"4":[4,1,1,1,1,1],"5":[8,1]}}
,"/Users/sgorbachov/src/enzyme-to-rtl-codemod/src/utils/ast-transformations/individual-transformations/remove-enzyme-first-method.ts": {"path":"/Users/sgorbachov/src/enzyme-to-rtl-codemod/src/utils/ast-transformations/individual-transformations/remove-enzyme-first-method.ts","statementMap":{"0":{"start":{"line":19,"column":27},"end":{"line":30,"column":1}},"1":{"start":{"line":21,"column":4},"end":{"line":29,"column":7}},"2":{"start":{"line":27,"column":30},"end":{"line":27,"column":61}},"3":{"start":{"line":28,"column":8},"end":{"line":28,"column":28}},"4":{"start":{"line":19,"column":13},"end":{"line":19,"column":27}}},"fnMap":{"0":{"name":"(anonymous_0)","decl":{"start":{"line":19,"column":27},"end":{"line":19,"column":28}},"loc":{"start":{"line":19,"column":70},"end":{"line":30,"column":1}}},"1":{"name":"(anonymous_1)","decl":{"start":{"line":25,"column":19},"end":{"line":25,"column":20}},"loc":{"start":{"line":25,"column":53},"end":{"line":29,"column":5}}}},"branchMap":{},"s":{"0":1,"1":1,"2":1,"3":1,"4":1},"f":{"0":1,"1":1},"b":{}}
,"/Users/sgorbachov/src/enzyme-to-rtl-codemod/src/utils/ast-transformations/individual-transformations/remove-enzyme-hostNodes-method.ts": {"path":"/Users/sgorbachov/src/enzyme-to-rtl-codemod/src/utils/ast-transformations/individual-transformations/remove-enzyme-hostNodes-method.ts","statementMap":{"0":{"start":{"line":7,"column":0},"end":{"line":7,"column":48}},"1":{"start":{"line":15,"column":32},"end":{"line":24,"column":1}},"2":{"start":{"line":17,"column":4},"end":{"line":17,"column":45}},"3":{"start":{"line":18,"column":4},"end":{"line":23,"column":59}},"4":{"start":{"line":23,"column":34},"end":{"line":23,"column":57}},"5":{"start":{"line":15,"column":13},"end":{"line":15,"column":32}}},"fnMap":{"0":{"name":"(anonymous_0)","decl":{"start":{"line":15,"column":32},"end":{"line":15,"column":33}},"loc":{"start":{"line":15,"column":69},"end":{"line":24,"column":1}}},"1":{"name":"(anonymous_1)","decl":{"start":{"line":23,"column":19},"end":{"line":23,"column":20}},"loc":{"start":{"line":23,"column":34},"end":{"line":23,"column":57}}}},"branchMap":{},"s":{"0":2,"1":2,"2":4,"3":4,"4":4,"5":2},"f":{"0":4,"1":4},"b":{}}
,"/Users/sgorbachov/src/enzyme-to-rtl-codemod/src/utils/ast-transformations/individual-transformations/remove-enzyme-update-method.ts": {"path":"/Users/sgorbachov/src/enzyme-to-rtl-codemod/src/utils/ast-transformations/individual-transformations/remove-enzyme-update-method.ts","statementMap":{"0":{"start":{"line":24,"column":29},"end":{"line":60,"column":1}},"1":{"start":{"line":26,"column":31},"end":{"line":37,"column":6}},"2":{"start":{"line":40,"column":4},"end":{"line":42,"column":5}},"3":{"start":{"line":41,"column":8},"end":{"line":41,"column":36}},"4":{"start":{"line":45,"column":33},"end":{"line":51,"column":6}},"5":{"start":{"line":54,"column":4},"end":{"line":59,"column":5}},"6":{"start":{"line":55,"column":8},"end":{"line":58,"column":11}},"7":{"start":{"line":56,"column":34},"end":{"line":56,"column":78}},"8":{"start":{"line":57,"column":12},"end":{"line":57,"column":32}},"9":{"start":{"line":24,"column":13},"end":{"line":24,"column":29}}},"fnMap":{"0":{"name":"(anonymous_0)","decl":{"start":{"line":24,"column":29},"end":{"line":24,"column":30}},"loc":{"start":{"line":24,"column":72},"end":{"line":60,"column":1}}},"1":{"name":"(anonymous_1)","decl":{"start":{"line":55,"column":41},"end":{"line":55,"column":42}},"loc":{"start":{"line":55,"column":75},"end":{"line":58,"column":9}}}},"branchMap":{"0":{"loc":{"start":{"line":40,"column":4},"end":{"line":42,"column":5}},"type":"if","locations":[{"start":{"line":40,"column":4},"end":{"line":42,"column":5}}]},"1":{"loc":{"start":{"line":54,"column":4},"end":{"line":59,"column":5}},"type":"if","locations":[{"start":{"line":54,"column":4},"end":{"line":59,"column":5}}]}},"s":{"0":2,"1":5,"2":5,"3":4,"4":5,"5":5,"6":1,"7":1,"8":1,"9":2},"f":{"0":5,"1":1},"b":{"0":[4],"1":[1]}}
,"/Users/sgorbachov/src/enzyme-to-rtl-codemod/src/utils/ast-transformations/utils/add-comment.ts": {"path":"/Users/sgorbachov/src/enzyme-to-rtl-codemod/src/utils/ast-transformations/utils/add-comment.ts","statementMap":{"0":{"start":{"line":9,"column":26},"end":{"line":21,"column":1}},"1":{"start":{"line":12,"column":36},"end":{"line":15,"column":6}},"2":{"start":{"line":17,"column":17},"end":{"line":17,"column":69}},"3":{"start":{"line":18,"column":4},"end":{"line":20,"column":5}},"4":{"start":{"line":19,"column":8},"end":{"line":19,"column":35}},"5":{"start":{"line":9,"column":13},"end":{"line":9,"column":26}},"6":{"start":{"line":30,"column":23},"end":{"line":51,"column":1}},"7":{"start":{"line":31,"column":22},"end":{"line":31,"column":33}},"8":{"start":{"line":36,"column":4},"end":{"line":48,"column":5}},"9":{"start":{"line":37,"column":23},"end":{"line":37,"column":41}},"10":{"start":{"line":38,"column":8},"end":{"line":40,"column":9}},"11":{"start":{"line":39,"column":12},"end":{"line":39,"column":31}},"12":{"start":{"line":43,"column":8},"end":{"line":45,"column":9}},"13":{"start":{"line":44,"column":12},"end":{"line":44,"column":26}},"14":{"start":{"line":47,"column":8},"end":{"line":47,"column":29}},"15":{"start":{"line":50,"column":4},"end":{"line":50,"column":23}}},"fnMap":{"0":{"name":"(anonymous_0)","decl":{"start":{"line":9,"column":26},"end":{"line":9,"column":27}},"loc":{"start":{"line":9,"column":73},"end":{"line":21,"column":1}}},"1":{"name":"(anonymous_1)","decl":{"start":{"line":30,"column":23},"end":{"line":30,"column":24}},"loc":{"start":{"line":30,"column":70},"end":{"line":51,"column":1}}}},"branchMap":{"0":{"loc":{"start":{"line":18,"column":4},"end":{"line":20,"column":5}},"type":"if","locations":[{"start":{"line":18,"column":4},"end":{"line":20,"column":5}}]},"1":{"loc":{"start":{"line":38,"column":8},"end":{"line":40,"column":9}},"type":"if","locations":[{"start":{"line":38,"column":8},"end":{"line":40,"column":9}}]},"2":{"loc":{"start":{"line":43,"column":8},"end":{"line":45,"column":9}},"type":"if","locations":[{"start":{"line":43,"column":8},"end":{"line":45,"column":9}}]}},"s":{"0":2,"1":7,"2":7,"3":7,"4":7,"5":2,"6":2,"7":7,"8":7,"9":22,"10":22,"11":0,"12":22,"13":7,"14":15,"15":0},"f":{"0":7,"1":7},"b":{"0":[7],"1":[0],"2":[7]}}
,"/Users/sgorbachov/src/enzyme-to-rtl-codemod/src/utils/ast-transformations/utils/ast-logger.ts": {"path":"/Users/sgorbachov/src/enzyme-to-rtl-codemod/src/utils/ast-transformations/utils/ast-logger.ts","statementMap":{"0":{"start":{"line":1,"column":0},"end":{"line":1,"column":53}},"1":{"start":{"line":3,"column":13},"end":{"line":3,"column":51}}},"fnMap":{},"branchMap":{},"s":{"0":7,"1":7},"f":{},"b":{}}
,"/Users/sgorbachov/src/enzyme-to-rtl-codemod/src/utils/code-extractor/extract-code.ts": {"path":"/Users/sgorbachov/src/enzyme-to-rtl-codemod/src/utils/code-extractor/extract-code.ts","statementMap":{"0":{"start":{"line":1,"column":0},"end":{"line":1,"column":20}},"1":{"start":{"line":2,"column":0},"end":{"line":2,"column":46}},"2":{"start":{"line":3,"column":0},"end":{"line":3,"column":50}},"3":{"start":{"line":5,"column":13},"end":{"line":5,"column":70}},"4":{"start":{"line":12,"column":40},"end":{"line":40,"column":1}},"5":{"start":{"line":13,"column":4},"end":{"line":13,"column":70}},"6":{"start":{"line":16,"column":25},"end":{"line":19,"column":null}},"7":{"start":{"line":23,"column":4},"end":{"line":32,"column":5}},"8":{"start":{"line":24,"column":8},"end":{"line":26,"column":10}},"9":{"start":{"line":27,"column":8},"end":{"line":27,"column":66}},"10":{"start":{"line":28,"column":8},"end":{"line":30,"column":10}},"11":{"start":{"line":31,"column":8},"end":{"line":31,"column":72}},"12":{"start":{"line":35,"column":33},"end":{"line":35,"column":74}},"13":{"start":{"line":36,"column":4},"end":{"line":36,"column":70}},"14":{"start":{"line":38,"column":4},"end":{"line":38,"column":41}},"15":{"start":{"line":39,"column":4},"end":{"line":39,"column":32}},"16":{"start":{"line":12,"column":13},"end":{"line":12,"column":40}},"17":{"start":{"line":49,"column":34},"end":{"line":76,"column":1}},"18":{"start":{"line":54,"column":4},"end":{"line":56,"column":6}},"19":{"start":{"line":59,"column":26},"end":{"line":59,"column":66}},"20":{"start":{"line":60,"column":20},"end":{"line":60,"column":45}},"21":{"start":{"line":62,"column":43},"end":{"line":62,"column":69}},"22":{"start":{"line":64,"column":4},"end":{"line":71,"column":5}},"23":{"start":{"line":65,"column":38},"end":{"line":65,"column":46}},"24":{"start":{"line":66,"column":8},"end":{"line":68,"column":10}},"25":{"start":{"line":70,"column":8},"end":{"line":70,"column":29}},"26":{"start":{"line":72,"column":4},"end":{"line":74,"column":6}},"27":{"start":{"line":75,"column":4},"end":{"line":75,"column":32}}},"fnMap":{"0":{"name":"(anonymous_1)","decl":{"start":{"line":12,"column":40},"end":{"line":12,"column":41}},"loc":{"start":{"line":12,"column":72},"end":{"line":40,"column":1}}},"1":{"name":"(anonymous_2)","decl":{"start":{"line":49,"column":34},"end":{"line":49,"column":null}},"loc":{"start":{"line":53,"column":12},"end":{"line":76,"column":1}}}},"branchMap":{"0":{"loc":{"start":{"line":23,"column":4},"end":{"line":32,"column":5}},"type":"if","locations":[{"start":{"line":23,"column":4},"end":{"line":32,"column":5}}]},"1":{"loc":{"start":{"line":64,"column":4},"end":{"line":71,"column":5}},"type":"if","locations":[{"start":{"line":64,"column":4},"end":{"line":71,"column":5}}]}},"s":{"0":1,"1":1,"2":1,"3":1,"4":1,"5":4,"6":4,"7":4,"8":3,"9":3,"10":3,"11":3,"12":1,"13":1,"14":1,"15":1,"16":1,"17":1,"18":4,"19":4,"20":4,"21":4,"22":4,"23":1,"24":1,"25":1,"26":3,"27":3},"f":{"0":4,"1":4},"b":{"0":[3],"1":[1]}}
,"/Users/sgorbachov/src/enzyme-to-rtl-codemod/src/utils/logger/logger.ts": {"path":"/Users/sgorbachov/src/enzyme-to-rtl-codemod/src/utils/logger/logger.ts","statementMap":{"0":{"start":{"line":1,"column":0},"end":{"line":1,"column":67}},"1":{"start":{"line":2,"column":0},"end":{"line":2,"column":46}},"2":{"start":{"line":9,"column":20},"end":{"line":9,"column":59}},"3":{"start":{"line":12,"column":23},"end":{"line":14,"column":null}},"4":{"start":{"line":14,"column":8},"end":{"line":14,"column":58}},"5":{"start":{"line":18,"column":27},"end":{"line":29,"column":1}},"6":{"start":{"line":19,"column":4},"end":{"line":28,"column":7}},"7":{"start":{"line":31,"column":0},"end":{"line":31,"column":34}}},"fnMap":{"0":{"name":"(anonymous_0)","decl":{"start":{"line":13,"column":4},"end":{"line":13,"column":5}},"loc":{"start":{"line":14,"column":8},"end":{"line":14,"column":58}}},"1":{"name":"(anonymous_1)","decl":{"start":{"line":18,"column":27},"end":{"line":18,"column":28}},"loc":{"start":{"line":18,"column":53},"end":{"line":29,"column":1}}}},"branchMap":{},"s":{"0":9,"1":9,"2":9,"3":9,"4":94,"5":9,"6":9,"7":9},"f":{"0":94,"1":9},"b":{}}
,"/Users/sgorbachov/src/enzyme-to-rtl-codemod/src/utils/prompt-generation/generate-prompt.ts": {"path":"/Users/sgorbachov/src/enzyme-to-rtl-codemod/src/utils/prompt-generation/generate-prompt.ts","statementMap":{"0":{"start":{"line":1,"column":0},"end":{"line":1,"column":20}},"1":{"start":{"line":2,"column":0},"end":{"line":2,"column":50}},"2":{"start":{"line":3,"column":0},"end":{"line":3,"column":47}},"3":{"start":{"line":5,"column":13},"end":{"line":5,"column":57}},"4":{"start":{"line":15,"column":25},"end":{"line":83,"column":1}},"5":{"start":{"line":21,"column":4},"end":{"line":21,"column":50}},"6":{"start":{"line":24,"column":29},"end":{"line":24,"column":31}},"7":{"start":{"line":25,"column":4},"end":{"line":25,"column":74}},"8":{"start":{"line":26,"column":25},"end":{"line":26,"column":49}},"9":{"start":{"line":27,"column":4},"end":{"line":31,"column":5}},"10":{"start":{"line":28,"column":8},"end":{"line":28,"column":101}},"11":{"start":{"line":30,"column":8},"end":{"line":30,"column":74}},"12":{"start":{"line":33,"column":27},"end":{"line":36,"column":213}},"13":{"start":{"line":38,"column":24},"end":{"line":48,"column":112}},"14":{"start":{"line":50,"column":30},"end":{"line":56,"column":206}},"15":{"start":{"line":58,"column":22},"end":{"line":60,"column":138}},"16":{"start":{"line":63,"column":25},"end":{"line":63,"column":59}},"17":{"start":{"line":64,"column":31},"end":{"line":64,"column":110}},"18":{"start":{"line":67,"column":35},"end":{"line":67,"column":113}},"19":{"start":{"line":70,"column":35},"end":{"line":70,"column":110}},"20":{"start":{"line":73,"column":8},"end":{"line":79,"column":30}},"21":{"start":{"line":81,"column":4},"end":{"line":81,"column":49}},"22":{"start":{"line":82,"column":4},"end":{"line":82,"column":23}},"23":{"start":{"line":15,"column":13},"end":{"line":15,"column":25}}},"fnMap":{"0":{"name":"(anonymous_1)","decl":{"start":{"line":15,"column":25},"end":{"line":15,"column":null}},"loc":{"start":{"line":20,"column":12},"end":{"line":83,"column":1}}}},"branchMap":{"0":{"loc":{"start":{"line":17,"column":4},"end":{"line":17,"column":40}},"type":"default-arg","locations":[{"start":{"line":17,"column":27},"end":{"line":17,"column":40}}]},"1":{"loc":{"start":{"line":27,"column":4},"end":{"line":31,"column":5}},"type":"if","locations":[{"start":{"line":27,"column":4},"end":{"line":31,"column":5}},{"start":{"line":29,"column":11},"end":{"line":31,"column":5}}]}},"s":{"0":1,"1":1,"2":1,"3":1,"4":1,"5":1,"6":1,"7":1,"8":1,"9":1,"10":1,"11":0,"12":1,"13":1,"14":1,"15":1,"16":1,"17":1,"18":1,"19":1,"20":1,"21":1,"22":1,"23":1},"f":{"0":1},"b":{"0":[0],"1":[1,0]}}
,"/Users/sgorbachov/src/enzyme-to-rtl-codemod/src/utils/prompt-generation/utils/utils.ts": {"path":"/Users/sgorbachov/src/enzyme-to-rtl-codemod/src/utils/prompt-generation/utils/utils.ts","statementMap":{"0":{"start":{"line":1,"column":0},"end":{"line":1,"column":20}},"1":{"start":{"line":8,"column":30},"end":{"line":14,"column":1}},"2":{"start":{"line":9,"column":24},"end":{"line":9,"column":58}},"3":{"start":{"line":11,"column":8},"end":{"line":11,"column":98}},"4":{"start":{"line":12,"column":28},"end":{"line":12,"column":62}},"5":{"start":{"line":13,"column":4},"end":{"line":13,"column":56}},"6":{"start":{"line":8,"column":13},"end":{"line":8,"column":30}}},"fnMap":{"0":{"name":"(anonymous_1)","decl":{"start":{"line":8,"column":30},"end":{"line":8,"column":31}},"loc":{"start":{"line":8,"column":59},"end":{"line":14,"column":1}}}},"branchMap":{"0":{"loc":{"start":{"line":13,"column":11},"end":{"line":13,"column":55}},"type":"cond-expr","locations":[{"start":{"line":13,"column":29},"end":{"line":13,"column":51}},{"start":{"line":13,"column":54},"end":{"line":13,"column":55}}]}},"s":{"0":8,"1":8,"2":3,"3":3,"4":3,"5":3,"6":8},"f":{"0":3},"b":{"0":[2,1]}}
}
