TN:
SF:src/utils/config.ts
FN:43,(anonymous_1)
FN:51,(anonymous_2)
FN:59,(anonymous_3)
FN:65,(anonymous_4)
FN:73,(anonymous_5)
FN:153,(anonymous_6)
FN:157,(anonymous_7)
FN:174,(anonymous_8)
FNF:8
FNH:1
FNDA:0,(anonymous_1)
FNDA:0,(anonymous_2)
FNDA:0,(anonymous_3)
FNDA:0,(anonymous_4)
FNDA:0,(anonymous_5)
FNDA:8,(anonymous_6)
FNDA:0,(anonymous_7)
FNDA:0,(anonymous_8)
DA:1,8
DA:2,8
DA:5,8
DA:24,8
DA:43,8
DA:44,0
DA:51,8
DA:52,0
DA:59,8
DA:65,8
DA:66,0
DA:73,8
DA:74,0
DA:76,0
DA:77,0
DA:81,0
DA:82,0
DA:83,0
DA:85,0
DA:93,0
DA:94,0
DA:100,0
DA:101,0
DA:103,0
DA:110,0
DA:111,0
DA:115,0
DA:116,0
DA:123,0
DA:124,0
DA:126,0
DA:132,0
DA:133,0
DA:135,0
DA:140,0
DA:141,0
DA:142,0
DA:143,0
DA:144,0
DA:145,0
DA:153,8
DA:155,8
DA:157,8
DA:158,0
DA:159,0
DA:160,0
DA:161,0
DA:162,0
DA:163,0
DA:164,0
DA:165,0
DA:166,0
DA:174,8
DA:178,0
DA:180,0
DA:181,0
DA:185,0
DA:190,0
DA:195,0
LF:59
LH:13
BRDA:74,0,0,0
BRDA:76,1,0,0
BRDA:83,2,0,0
BRDA:93,3,0,0
BRDA:93,3,1,0
BRDA:110,4,0,0
BRDA:110,4,1,0
BRDA:115,5,0,0
BRDA:180,6,0,0
BRF:9
BRH:0
end_of_record
TN:
SF:src/utils/ast-transformations/main-ast-transform.ts
FN:17,(anonymous_1)
FNF:1
FNH:1
FNDA:3,(anonymous_1)
DA:1,1
DA:2,1
DA:3,1
DA:4,1
DA:5,1
DA:6,1
DA:7,1
DA:8,1
DA:9,1
DA:10,1
DA:17,1
DA:19,3
DA:20,3
DA:23,3
DA:24,3
DA:25,3
DA:28,3
DA:38,3
DA:39,3
DA:45,3
DA:46,3
DA:53,3
DA:54,3
DA:57,3
DA:60,3
DA:61,3
DA:64,3
DA:65,3
DA:68,3
DA:69,3
DA:84,3
DA:85,3
DA:87,3
LF:33
LH:33
BRF:0
BRH:0
end_of_record
TN:
SF:src/utils/ast-transformations/individual-transformations/convert-enzyme-text-method.ts
FN:15,(anonymous_0)
FN:47,(anonymous_1)
FN:50,(anonymous_2)
FNF:3
FNH:3
FNDA:4,(anonymous_0)
FNDA:4,(anonymous_1)
FNDA:1,(anonymous_2)
DA:7,2
DA:15,2
DA:19,4
DA:20,4
DA:47,2
DA:48,4
DA:50,4
DA:52,1
DA:53,1
DA:56,1
DA:57,1
DA:60,1
DA:62,1
DA:65,1
DA:69,1
DA:70,1
DA:72,1
DA:75,1
DA:88,0
LF:19
LH:18
BRDA:52,0,0,1
BRDA:52,0,1,0
BRDA:56,1,0,1
BRDA:60,2,0,1
BRDA:65,3,0,1
BRF:5
BRH:4
end_of_record
TN:
SF:src/utils/ast-transformations/individual-transformations/convert-find.ts
FN:17,(anonymous_0)
FN:30,(anonymous_1)
FNF:2
FNH:2
FNDA:4,(anonymous_0)
FNDA:7,(anonymous_1)
DA:9,2
DA:10,2
DA:17,2
DA:18,4
DA:20,4
DA:28,4
DA:30,4
DA:31,7
LF:8
LH:8
BRF:0
BRH:0
end_of_record
TN:
SF:src/utils/ast-transformations/individual-transformations/convert-mount-shallow-methods.ts
FN:20,(anonymous_0)
FN:122,(anonymous_1)
FN:130,changeRenderFuncName
FN:138,(anonymous_3)
FNF:4
FNH:4
FNDA:10,(anonymous_0)
FNDA:8,(anonymous_1)
FNDA:1,changeRenderFuncName
FNDA:1,(anonymous_3)
DA:13,2
DA:20,2
DA:25,10
DA:26,10
DA:34,10
DA:35,10
DA:45,10
DA:46,10
DA:47,5
DA:48,5
DA:49,3
DA:51,2
DA:54,2
DA:62,8
DA:63,4
DA:65,4
DA:68,4
DA:75,4
DA:76,3
DA:78,3
DA:81,3
DA:93,1
DA:94,1
DA:96,1
DA:99,1
DA:102,1
DA:103,1
DA:108,8
DA:111,8
DA:112,1
DA:113,1
DA:114,1
DA:115,1
DA:116,1
DA:121,8
DA:122,8
DA:123,8
DA:132,1
DA:138,1
DA:139,1
DA:145,8
LF:41
LH:41
BRDA:46,0,0,5
BRDA:46,0,1,5
BRDA:48,1,0,3
BRDA:48,1,1,2
BRDA:62,2,0,4
BRDA:62,2,1,4
BRDA:75,3,0,3
BRDA:75,3,1,1
BRDA:93,4,0,1
BRDA:102,5,0,1
BRDA:111,6,0,1
BRF:11
BRH:11
end_of_record
TN:
SF:src/utils/ast-transformations/individual-transformations/convert-mount-shallow-vars.ts
FN:18,(anonymous_0)
FN:58,(anonymous_1)
FN:86,(anonymous_2)
FN:137,(anonymous_3)
FN:170,(anonymous_4)
FN:182,replaceWithExpression
FN:199,(anonymous_6)
FNF:7
FNH:6
FNDA:7,(anonymous_0)
FNDA:4,(anonymous_1)
FNDA:2,(anonymous_2)
FNDA:1,(anonymous_3)
FNDA:0,(anonymous_4)
FNDA:5,replaceWithExpression
FNDA:7,(anonymous_6)
DA:9,2
DA:18,2
DA:23,7
DA:24,1
DA:25,1
DA:28,6
DA:35,6
DA:36,6
DA:55,6
DA:58,6
DA:59,4
DA:68,6
DA:69,6
DA:83,6
DA:86,6
DA:87,2
DA:88,2
DA:92,2
DA:97,2
DA:98,2
DA:105,6
DA:109,1
DA:117,1
DA:120,1
DA:134,1
DA:137,1
DA:138,1
DA:145,1
DA:148,1
DA:170,1
DA:171,0
DA:174,0
DA:184,5
DA:185,5
DA:188,5
DA:191,5
DA:194,5
DA:198,6
DA:199,6
DA:200,7
DA:203,6
LF:41
LH:39
BRDA:23,0,0,1
BRDA:105,1,0,1
BRDA:106,2,0,6
BRDA:106,2,1,2
BRF:4
BRH:4
end_of_record
TN:
SF:src/utils/ast-transformations/individual-transformations/convert-simulate.ts
FN:23,(anonymous_0)
FN:40,(anonymous_1)
FN:50,(anonymous_2)
FN:111,(anonymous_3)
FNF:4
FNH:4
FNDA:9,(anonymous_0)
FNDA:9,(anonymous_1)
FNDA:9,(anonymous_2)
FNDA:1,(anonymous_3)
DA:13,2
DA:14,2
DA:23,2
DA:25,9
DA:26,9
DA:35,9
DA:36,9
DA:37,9
DA:40,9
DA:41,9
DA:45,9
DA:46,9
DA:47,9
DA:50,9
DA:51,9
DA:52,9
DA:53,9
DA:56,9
DA:59,9
DA:60,9
DA:63,9
DA:66,9
DA:69,9
DA:71,9
DA:73,4
DA:74,4
DA:76,1
DA:77,1
DA:79,1
DA:80,1
DA:82,1
DA:83,1
DA:85,1
DA:86,1
DA:89,1
DA:93,9
DA:94,9
DA:95,8
DA:104,8
DA:105,8
DA:110,1
DA:112,1
LF:42
LH:42
BRDA:36,0,0,9
BRDA:52,1,0,9
BRDA:52,2,0,9
BRDA:52,2,1,9
BRDA:59,3,0,9
BRDA:71,4,0,4
BRDA:71,4,1,1
BRDA:71,4,2,1
BRDA:71,4,3,1
BRDA:71,4,4,1
BRDA:71,4,5,1
BRDA:94,5,0,8
BRDA:94,5,1,1
BRF:13
BRH:13
end_of_record
TN:
SF:src/utils/ast-transformations/individual-transformations/remove-enzyme-first-method.ts
FN:19,(anonymous_0)
FN:25,(anonymous_1)
FNF:2
FNH:2
FNDA:1,(anonymous_0)
FNDA:1,(anonymous_1)
DA:19,1
DA:21,1
DA:27,1
DA:28,1
LF:4
LH:4
BRF:0
BRH:0
end_of_record
TN:
SF:src/utils/ast-transformations/individual-transformations/remove-enzyme-hostNodes-method.ts
FN:15,(anonymous_0)
FN:23,(anonymous_1)
FNF:2
FNH:2
FNDA:4,(anonymous_0)
FNDA:4,(anonymous_1)
DA:7,2
DA:15,2
DA:17,4
DA:18,4
DA:23,4
LF:5
LH:5
BRF:0
BRH:0
end_of_record
TN:
SF:src/utils/ast-transformations/individual-transformations/remove-enzyme-update-method.ts
FN:24,(anonymous_0)
FN:55,(anonymous_1)
FNF:2
FNH:2
FNDA:5,(anonymous_0)
FNDA:1,(anonymous_1)
DA:24,2
DA:26,5
DA:40,5
DA:41,4
DA:45,5
DA:54,5
DA:55,1
DA:56,1
DA:57,1
LF:9
LH:9
BRDA:40,0,0,4
BRDA:54,1,0,1
BRF:2
BRH:2
end_of_record
TN:
SF:src/utils/ast-transformations/utils/add-comment.ts
FN:9,(anonymous_0)
FN:30,(anonymous_1)
FNF:2
FNH:2
FNDA:7,(anonymous_0)
FNDA:7,(anonymous_1)
DA:9,2
DA:12,7
DA:17,7
DA:18,7
DA:19,7
DA:30,2
DA:31,7
DA:36,7
DA:37,22
DA:38,22
DA:39,0
DA:43,22
DA:44,7
DA:47,15
DA:50,0
LF:15
LH:13
BRDA:18,0,0,7
BRDA:38,1,0,0
BRDA:43,2,0,7
BRF:3
BRH:2
end_of_record
TN:
SF:src/utils/ast-transformations/utils/ast-logger.ts
FNF:0
FNH:0
DA:1,7
DA:3,7
LF:2
LH:2
BRF:0
BRH:0
end_of_record
TN:
SF:src/utils/code-extractor/extract-code.ts
FN:12,(anonymous_1)
FN:49,(anonymous_2)
FNF:2
FNH:2
FNDA:4,(anonymous_1)
FNDA:4,(anonymous_2)
DA:1,1
DA:2,1
DA:3,1
DA:5,1
DA:12,1
DA:13,4
DA:16,4
DA:23,4
DA:24,3
DA:27,3
DA:28,3
DA:31,3
DA:35,1
DA:36,1
DA:38,1
DA:39,1
DA:49,1
DA:54,4
DA:59,4
DA:60,4
DA:62,4
DA:64,4
DA:65,1
DA:66,1
DA:70,1
DA:72,3
DA:75,3
LF:27
LH:27
BRDA:23,0,0,3
BRDA:64,1,0,1
BRF:2
BRH:2
end_of_record
TN:
SF:src/utils/logger/logger.ts
FN:13,(anonymous_0)
FN:18,(anonymous_1)
FNF:2
FNH:2
FNDA:94,(anonymous_0)
FNDA:9,(anonymous_1)
DA:1,9
DA:2,9
DA:9,9
DA:12,9
DA:14,94
DA:18,9
DA:19,9
DA:31,9
LF:8
LH:8
BRF:0
BRH:0
end_of_record
TN:
SF:src/utils/prompt-generation/generate-prompt.ts
FN:15,(anonymous_1)
FNF:1
FNH:1
FNDA:1,(anonymous_1)
DA:1,1
DA:2,1
DA:3,1
DA:5,1
DA:15,1
DA:21,1
DA:24,1
DA:25,1
DA:26,1
DA:27,1
DA:28,1
DA:30,0
DA:33,1
DA:38,1
DA:50,1
DA:58,1
DA:63,1
DA:64,1
DA:67,1
DA:70,1
DA:73,1
DA:81,1
DA:82,1
LF:23
LH:22
BRDA:17,0,0,0
BRDA:27,1,0,1
BRDA:27,1,1,0
BRF:3
BRH:1
end_of_record
TN:
SF:src/utils/prompt-generation/utils/utils.ts
FN:8,(anonymous_1)
FNF:1
FNH:1
FNDA:3,(anonymous_1)
DA:1,8
DA:8,8
DA:9,3
DA:11,3
DA:12,3
DA:13,3
LF:6
LH:6
BRDA:13,0,0,2
BRDA:13,0,1,1
BRF:2
BRH:2
end_of_record
